<?xml version="1.0" encoding="UTF-8"?>
<!-- Generated by org.testng.reporters.JUnitReportReporter -->
<testsuite hostname="LAPTOP-CAEI2RI1" failures="0" tests="2" name="com.actitime.testscript.coustmerModule2" time="0.004" errors="0" timestamp="2023-07-21T22:48:05 IST" skipped="0">
  <testcase classname="com.actitime.testscript.coustmerModule2" name="registerCoutmer" time="0.002">
    <system-out>
      <![CDATA[registercoustmer]]>
    </system-out>
  </testcase> <!-- registerCoutmer -->
  <testcase classname="com.actitime.testscript.coustmerModule2" name="deleteCoustmer" time="0.002">
    <system-out>
      <![CDATA[deletecoustmer]]>
    </system-out>
  </testcase> <!-- deleteCoustmer -->
  <system-out>
    <![CDATA[openbrowser
Login
creatercoustmer
logout
Login
modifycoustmer
logout
OpenBrowser
login
deletecoustmer
CloseBrowser
logout
OpenBrowser
login
registercoustmer
CloseBrowser
logout
closebrowser]]>
  </system-out>
</testsuite> <!-- com.actitime.testscript.coustmerModule2 -->
