<?xml version="1.0" encoding="UTF-8"?>
<!-- Generated by org.testng.reporters.JUnitReportReporter -->
<testsuite hostname="LAPTOP-CAEI2RI1" failures="0" tests="2" name="com.actitime.testscript.CoustmerModule1" time="0.017" errors="0" timestamp="2023-07-21T22:48:05 IST" skipped="0">
  <testcase classname="com.actitime.testscript.CoustmerModule1" name="modifycoustmer" time="0.003">
    <system-out>
      <![CDATA[modifycoustmer]]>
    </system-out>
  </testcase> <!-- modifycoustmer -->
  <testcase classname="com.actitime.testscript.CoustmerModule1" name="createcoustmer" time="0.014">
    <system-out>
      <![CDATA[creatercoustmer]]>
    </system-out>
  </testcase> <!-- createcoustmer -->
  <system-out>
    <![CDATA[openbrowser
Login
creatercoustmer
logout
Login
modifycoustmer
logout
OpenBrowser
login
deletecoustmer
CloseBrowser
logout
OpenBrowser
login
registercoustmer
CloseBrowser
logout
closebrowser]]>
  </system-out>
</testsuite> <!-- com.actitime.testscript.CoustmerModule1 -->
